<?xml version="1.0" encoding="UTF-8"?>
<!-- Generated by org.testng.reporters.JUnitXMLReporter -->
<testsuite ignored="0" hostname="LAPTOP-JOF3SAFA" failures="0" tests="5" name="Default test" time="17.91" errors="0" timestamp="2023-10-07T23:21:23 IST">
  <testcase classname="testClasses.LoanCalculator_Tenure_UI_Check" name="navigateToTenureCalculator" time="2.816"/>
  <testcase classname="testClasses.LoanCalculator_Tenure_UI_Check" name="loanAmountUICheck" time="1.456"/>
  <testcase classname="testClasses.LoanCalculator_Tenure_UI_Check" name="interestRateUICheck" time="1.335"/>
  <testcase classname="testClasses.LoanCalculator_Tenure_UI_Check" name="emiUICheck" time="1.36"/>
  <testcase classname="testClasses.LoanCalculator_Tenure_UI_Check" name="feeChargeUICheck" time="1.247"/>
</testsuite> <!-- Default test -->
